[debug] [2019-03-10T04:53:19.236Z] ----------------------------------------------------------------------
[debug] [2019-03-10T04:53:19.239Z] Command:       /usr/local/bin/node /usr/local/bin/firebase serve
[debug] [2019-03-10T04:53:19.239Z] CLI Version:   6.4.0
[debug] [2019-03-10T04:53:19.240Z] Platform:      darwin
[debug] [2019-03-10T04:53:19.240Z] Node Version:  v10.9.0
[debug] [2019-03-10T04:53:19.241Z] Time:          Sat Mar 09 2019 21:53:19 GMT-0700 (Mountain Standard Time)
[debug] [2019-03-10T04:53:19.241Z] ----------------------------------------------------------------------
[debug] 
[debug] [2019-03-10T04:53:19.254Z] > command requires scopes: ["email","openid","https://www.googleapis.com/auth/cloudplatformprojects.readonly","https://www.googleapis.com/auth/firebase","https://www.googleapis.com/auth/cloud-platform"]
[debug] [2019-03-10T04:53:19.255Z] > authorizing via signed-in user
[debug] [2019-03-10T04:53:19.255Z] [iam] checking project your-home-value for permissions ["firebase.projects.get"]
[debug] [2019-03-10T04:53:19.258Z] >>> HTTP REQUEST POST https://cloudresourcemanager.googleapis.com/v1/projects/your-home-value:testIamPermissions  

[debug] [2019-03-10T04:53:19.783Z] <<< HTTP RESPONSE 200
[debug] [2019-03-10T04:53:19.786Z] >>> HTTP REQUEST GET https://cloudresourcemanager.googleapis.com/v1/projects/your-home-value  
 
[debug] [2019-03-10T04:53:20.147Z] <<< HTTP RESPONSE 200
[info] 
[info] === Serving from '/Users/kimguyton/Documents/School Stuff/your-home-value'...
[info] 
[debug] [2019-03-10T04:53:20.150Z] >>> HTTP REQUEST GET https://mobilesdk-pa.googleapis.com/v1/projects/291806826783/clients/_:getWebAppConfig  
 
[debug] [2019-03-10T04:53:20.653Z] <<< HTTP RESPONSE 200
[info] i  hosting: Serving hosting files from: build
[info] ✔  hosting: Local server: http://localhost:5000
